2025-04-05 18:39, added, 'My Account' button to the mobile navigation (thanks to @Coastal)
2025-04-05 18:31, maintenance, Disabled Cloudflare proxy to resolve file upload issues
2025-04-05 18:31, maintenance, Upgraded WordFence to the Care plan for improved protection
2025-04-06 08:08, maintenance, Initiated full site backup
2025-04-06 08:08, downtime, Enabled maintenance mode during backup and updates
2025-04-06 08:01, updated, Updated 12 plugins and 1 theme to latest versions
2025-04-06 09:00, added, Integrated external status page via GitHub
2025-04-06 11:40, added, Implemented changelog view on the status page
2025-04-06 12:14, added, Connected the status page and changelog to Discord (automated daily posts)
2025-04-06 15:09, added, Dokan migration plugin
2025-04-06 15:09, maintenance, Started migration from WCFM to Dokan
2025-04-06 15:10, maintenance, Full backup finished
2025-04-06 15:10, added, Added Plugin: Blackhole for Bad Bots
2025-04-06 15:14, maintenance, Dokan Migration: Finished migrating vendors to Dokan
2025-04-06 15:15, maintenance, Dokan Migration: Started migrating 27055 orders to Dokan
2025-04-07 05:13, maintenance, Dokan Migration: Migration stuck after order 5265 for some unknown reason
2025-04-07 05:20, maintenance, Dokan Migration: Contacted Dokan Support for the issues with migration getting stuck
2025-04-07 05:40, updated, Changed downtime message to mention new status page
2025-04-07 06:05, maintenance, Temporarily disabled plugins: BBCode Deluxe, LiteSpeed Cache, ThemeSky, WPBakery Page Builder
2025-04-07 06:19, maintenance, Contacted Kadence Support in regards to license verification error preventing premium features from working
2025-04-07 06:19, downtime, Website still in maintenance mode
2025-04-07 08:01, fixed, Dokan Migration: identified issue with migration getting stuck due to partial refunds where a secondary refund request was rejected/cancelled
2025-04-07 08:03, maintenance, Dokan Migration: Migration continued
2025-04-07 08:33, maintenance, Dokan Migration: Order migration reached 25%
2025-04-07 14:33, maintenance, Dokan Migration: Order migration reached 63%
2025-04-07 14:33, maintenance, Temporarily disabled plugins: Advanced Order Export For WooCommerce, AWEOS PHP Server Info, Better Messages, Better Messages - WCFM Integration, Elementor, Filter Everything, iThemelandCo Woo Report Lite, Mega Addons For WPBakery Page Builder, Post to Discord, The SEO Framework, YITH WooCommerce Ajax Product Filter
2025-04-07 15:12, removed, Removed Discord channels with no activity in the last 12 months
2025-04-07 16:50, fixed, License verification error preventing premium features from working
2025-04-07 18:40, downtime, White screen with error "net::ERR_HTTP2_PROTOCOL_ERROR 200 (OK)"
2025-04-07 18:50, fixed, White screen with error "net::ERR_HTTP2_PROTOCOL_ERROR 200 (OK)"
2025-04-07 19:18, changed, Upload size limit to 500 MB
2025-04-07 19:18, changed, Frontpage layout and design
2025-04-07 19:22, maintenance, Dokan Migration: Order migration reached 86%
2025-04-07 19:35, changed, Changed the global site header design
2025-04-07 19:47, added, Notice to frontpage about change from WCFM to Dokan
2025-04-08 05:15, added, New product chard design
2025-04-08 05:20, added, Logo to footer
2025-04-08 06:19, downtime, Website still in maintenance mode
2025-04-08 07:16, maintenance, Dokan Migration: completed
2025-04-08 09:53, downtime, Critical error message appearing due to an error in the withdraw settings for Dokan
2025-04-08 10:20, fixed, Critical error fixed by changing the withdraw minimum for Dokan
2025-04-12 19:22, maintenance, Identified issue with negative vendor balances (caused by orders with refunds in them not being migrated)
2025-04-12 19:24, known, New products are not virtual and downloadable by default
2025-04-12 19:33, known, Download button missing for free downloadable content
2025-04-13 08:00, changed, Made Discord Bot for announcing new asset packs compatible with Dokan
2025-04-13 08:05, added, New status types to the website status system
2025-04-13 08:07, dev, Made a Chrome extension to add changelog entries on the go
